<?xml version="1.0" encoding="UTF-8"?>
<testsuite name="CoffeeMachineTest" tests="1" skipped="0" failures="0" errors="0" timestamp="2020-06-18T04:26:58" hostname="Linux-Hunter" time="0.813">
  <properties/>
  <testcase name="start" classname="CoffeeMachineTest" time="0.813"/>
  <system-out><![CDATA[?[1;31m
Start test 1?[0m
Write how many ml of water the coffee machine has:
> 300
Write how many ml of milk the coffee machine has:
> 65
Write how many grams of coffee beans the coffee machine has:
> 111
Write how many cups of coffee you will need:
> 1
Yes, I can make that amount of coffee
?[1;31m
Start test 2?[0m
Write how many ml of water the coffee machine has:
> 600
Write how many ml of milk the coffee machine has:
> 153
Write how many grams of coffee beans the coffee machine has:
> 100
Write how many cups of coffee you will need:
> 1
Yes, I can make that amount of coffee (and even 2 more than that)
?[1;31m
Start test 3?[0m
Write how many ml of water the coffee machine has:
> 1400
Write how many ml of milk the coffee machine has:
> 150
Write how many grams of coffee beans the coffee machine has:
> 100
Write how many cups of coffee you will need:
> 1
Yes, I can make that amount of coffee (and even 2 more than that)
?[1;31m
Start test 4?[0m
Write how many ml of water the coffee machine has:
> 1400
Write how many ml of milk the coffee machine has:
> 1500
Write how many grams of coffee beans the coffee machine has:
> 45
Write how many cups of coffee you will need:
> 1
Yes, I can make that amount of coffee (and even 2 more than that)
?[1;31m
Start test 5?[0m
Write how many ml of water the coffee machine has:
> 599
Write how many ml of milk the coffee machine has:
> 250
Write how many grams of coffee beans the coffee machine has:
> 200
Write how many cups of coffee you will need:
> 10
No, I can make only 2 cup(s) of coffee
?[1;31m
Start test 6?[0m
Write how many ml of water the coffee machine has:
> 345640
Write how many ml of milk the coffee machine has:
> 43423
Write how many grams of coffee beans the coffee machine has:
> 23234
Write how many cups of coffee you will need:
> 1
Yes, I can make that amount of coffee (and even 867 more than that)
?[1;31m
Start test 7?[0m
Write how many ml of water the coffee machine has:
> 345640
Write how many ml of milk the coffee machine has:
> 434230
Write how many grams of coffee beans the coffee machine has:
> 23234
Write how many cups of coffee you will need:
> 19246
No, I can make only 1548 cup(s) of coffee
?[1;31m
Start test 8?[0m
Write how many ml of water the coffee machine has:
> 34564
Write how many ml of milk the coffee machine has:
> 43423
Write how many grams of coffee beans the coffee machine has:
> 23234
Write how many cups of coffee you will need:
> 19246
No, I can make only 172 cup(s) of coffee
?[1;31m
Start test 9?[0m
Write how many ml of water the coffee machine has:
> 399
Write how many ml of milk the coffee machine has:
> 112
Write how many grams of coffee beans the coffee machine has:
> 111
Write how many cups of coffee you will need:
> 1
Yes, I can make that amount of coffee
?[1;31m
Start test 10?[0m
Write how many ml of water the coffee machine has:
> 2400
Write how many ml of milk the coffee machine has:
> 249
Write how many grams of coffee beans the coffee machine has:
> 100
Write how many cups of coffee you will need:
> 1
Yes, I can make that amount of coffee (and even 3 more than that)
?[1;31m
Start test 11?[0m
Write how many ml of water the coffee machine has:
> 1400
Write how many ml of milk the coffee machine has:
> 1500
Write how many grams of coffee beans the coffee machine has:
> 44
Write how many cups of coffee you will need:
> 1
Yes, I can make that amount of coffee (and even 1 more than that)
?[1;31m
Start test 12?[0m
Write how many ml of water the coffee machine has:
> 500
Write how many ml of milk the coffee machine has:
> 250
Write how many grams of coffee beans the coffee machine has:
> 200
Write how many cups of coffee you will need:
> 10
No, I can make only 2 cup(s) of coffee
?[1;31m
Start test 13?[0m
Write how many ml of water the coffee machine has:
> 34564
Write how many ml of milk the coffee machine has:
> 43423
Write how many grams of coffee beans the coffee machine has:
> 23234
Write how many cups of coffee you will need:
> 1
Yes, I can make that amount of coffee (and even 171 more than that)
?[1;31m
Start test 14?[0m
Write how many ml of water the coffee machine has:
> 345640
Write how many ml of milk the coffee machine has:
> 434230
Write how many grams of coffee beans the coffee machine has:
> 23234
Write how many cups of coffee you will need:
> 1
Yes, I can make that amount of coffee (and even 1547 more than that)
?[1;31m
Start test 15?[0m
Write how many ml of water the coffee machine has:
> 345640
Write how many ml of milk the coffee machine has:
> 43423
Write how many grams of coffee beans the coffee machine has:
> 23234
Write how many cups of coffee you will need:
> 19246
No, I can make only 868 cup(s) of coffee
]]></system-out>
  <system-err><![CDATA[]]></system-err>
</testsuite>
